<?xml version="1.0" encoding="UTF-8"?>
<coverage generated="1767791687428" clover="3.2.0">
  <project timestamp="1767791687428" name="All files">
    <metrics statements="172" coveredstatements="167" conditionals="76" coveredconditionals="64" methods="57" coveredmethods="57" elements="305" coveredelements="288" complexity="0" loc="172" ncloc="172" packages="11" files="15" classes="15"/>
    <package name="application.transaction.services">
      <metrics statements="3" coveredstatements="3" conditionals="4" coveredconditionals="3" methods="2" coveredmethods="2"/>
      <file name="TransactionFingerprintCanonicalizer.js" path="/Users/avalara/Dev/budget-control/budget-control-core/dist/application/transaction/services/TransactionFingerprintCanonicalizer.js">
        <metrics statements="3" coveredstatements="3" conditionals="4" coveredconditionals="3" methods="2" coveredmethods="2"/>
        <line num="3" count="32" type="cond" truecount="1" falsecount="1"/>
        <line num="4" count="8" type="stmt"/>
        <line num="10" count="8" type="stmt"/>
      </file>
    </package>
    <package name="application.transaction.use-cases">
      <metrics statements="21" coveredstatements="21" conditionals="14" coveredconditionals="14" methods="4" coveredmethods="4"/>
      <file name="ImportTransactionsUseCase.js" path="/Users/avalara/Dev/budget-control/budget-control-core/dist/application/transaction/use-cases/ImportTransactionsUseCase.js">
        <metrics statements="21" coveredstatements="21" conditionals="14" coveredconditionals="14" methods="4" coveredmethods="4"/>
        <line num="7" count="8" type="stmt"/>
        <line num="8" count="8" type="stmt"/>
        <line num="9" count="8" type="stmt"/>
        <line num="13" count="8" type="stmt"/>
        <line num="14" count="2" type="stmt"/>
        <line num="15" count="3" type="stmt"/>
        <line num="16" count="3" type="stmt"/>
        <line num="17" count="3" type="stmt"/>
        <line num="19" count="2" type="stmt"/>
        <line num="29" count="8" type="cond" truecount="2" falsecount="0"/>
        <line num="30" count="1" type="stmt"/>
        <line num="31" count="7" type="cond" truecount="2" falsecount="0"/>
        <line num="32" count="1" type="stmt"/>
        <line num="33" count="6" type="cond" truecount="2" falsecount="0"/>
        <line num="34" count="1" type="stmt"/>
        <line num="35" count="5" type="cond" truecount="2" falsecount="0"/>
        <line num="36" count="1" type="stmt"/>
        <line num="37" count="4" type="cond" truecount="2" falsecount="0"/>
        <line num="38" count="1" type="stmt"/>
        <line num="39" count="3" type="cond" truecount="2" falsecount="0"/>
        <line num="40" count="1" type="stmt"/>
      </file>
    </package>
    <package name="application.user.use-cases">
      <metrics statements="5" coveredstatements="5" conditionals="0" coveredconditionals="0" methods="2" coveredmethods="2"/>
      <file name="RegisterUserUseCase.js" path="/Users/avalara/Dev/budget-control/budget-control-core/dist/application/user/use-cases/RegisterUserUseCase.js">
        <metrics statements="5" coveredstatements="5" conditionals="0" coveredconditionals="0" methods="2" coveredmethods="2"/>
        <line num="5" count="4" type="stmt"/>
        <line num="6" count="4" type="stmt"/>
        <line num="9" count="4" type="stmt"/>
        <line num="10" count="3" type="stmt"/>
        <line num="15" count="2" type="stmt"/>
      </file>
    </package>
    <package name="domain.common.value-objects">
      <metrics statements="34" coveredstatements="33" conditionals="17" coveredconditionals="16" methods="14" coveredmethods="14"/>
      <file name="EntityId.js" path="/Users/avalara/Dev/budget-control/budget-control-core/dist/domain/common/value-objects/EntityId.js">
        <metrics statements="7" coveredstatements="7" conditionals="2" coveredconditionals="2" methods="3" coveredmethods="3"/>
        <line num="1" count="4" type="stmt"/>
        <line num="5" count="11" type="stmt"/>
        <line num="8" count="18" type="stmt"/>
        <line num="9" count="18" type="cond" truecount="2" falsecount="0"/>
        <line num="10" count="7" type="stmt"/>
        <line num="12" count="11" type="stmt"/>
        <line num="15" count="11" type="stmt"/>
      </file>
      <file name="IsoDate.js" path="/Users/avalara/Dev/budget-control/budget-control-core/dist/domain/common/value-objects/IsoDate.js">
        <metrics statements="15" coveredstatements="14" conditionals="9" coveredconditionals="8" methods="5" coveredmethods="5"/>
        <line num="1" count="4" type="stmt"/>
        <line num="5" count="22" type="stmt"/>
        <line num="8" count="28" type="stmt"/>
        <line num="9" count="28" type="cond" truecount="2" falsecount="0"/>
        <line num="10" count="3" type="stmt"/>
        <line num="13" count="25" type="stmt"/>
        <line num="14" count="25" type="cond" truecount="1" falsecount="1"/>
        <line num="15" count="0" type="stmt"/>
        <line num="18" count="25" type="stmt"/>
        <line num="19" count="25" type="cond" truecount="5" falsecount="0"/>
        <line num="22" count="3" type="stmt"/>
        <line num="24" count="22" type="stmt"/>
        <line num="27" count="4" type="stmt"/>
        <line num="30" count="3" type="stmt"/>
        <line num="33" count="3" type="stmt"/>
      </file>
      <file name="Money.js" path="/Users/avalara/Dev/budget-control/budget-control-core/dist/domain/common/value-objects/Money.js">
        <metrics statements="12" coveredstatements="12" conditionals="6" coveredconditionals="6" methods="6" coveredmethods="6"/>
        <line num="5" count="23" type="stmt"/>
        <line num="6" count="23" type="stmt"/>
        <line num="9" count="26" type="cond" truecount="2" falsecount="0"/>
        <line num="10" count="3" type="stmt"/>
        <line num="12" count="23" type="stmt"/>
        <line num="15" count="3" type="stmt"/>
        <line num="16" count="2" type="stmt"/>
        <line num="19" count="2" type="stmt"/>
        <line num="20" count="1" type="stmt"/>
        <line num="23" count="4" type="cond" truecount="2" falsecount="0"/>
        <line num="27" count="5" type="cond" truecount="2" falsecount="0"/>
        <line num="28" count="2" type="stmt"/>
      </file>
    </package>
    <package name="domain.merchant.entities">
      <metrics statements="17" coveredstatements="17" conditionals="4" coveredconditionals="4" methods="8" coveredmethods="8"/>
      <file name="Merchant.js" path="/Users/avalara/Dev/budget-control/budget-control-core/dist/domain/merchant/entities/Merchant.js">
        <metrics statements="17" coveredstatements="17" conditionals="4" coveredconditionals="4" methods="8" coveredmethods="8"/>
        <line num="12" count="12" type="stmt"/>
        <line num="13" count="12" type="stmt"/>
        <line num="14" count="12" type="stmt"/>
        <line num="15" count="12" type="stmt"/>
        <line num="16" count="12" type="stmt"/>
        <line num="19" count="7" type="cond" truecount="2" falsecount="0"/>
        <line num="20" count="7" type="stmt"/>
        <line num="23" count="1" type="stmt"/>
        <line num="26" count="2" type="stmt"/>
        <line num="27" count="2" type="stmt"/>
        <line num="30" count="3" type="stmt"/>
        <line num="31" count="2" type="stmt"/>
        <line num="34" count="9" type="stmt"/>
        <line num="35" count="9" type="stmt"/>
        <line num="36" count="11" type="cond" truecount="2" falsecount="0"/>
        <line num="37" count="9" type="stmt"/>
        <line num="40" count="9" type="stmt"/>
      </file>
    </package>
    <package name="domain.merchant.value-objects">
      <metrics statements="17" coveredstatements="17" conditionals="8" coveredconditionals="8" methods="7" coveredmethods="7"/>
      <file name="MerchantAlias.js" path="/Users/avalara/Dev/budget-control/budget-control-core/dist/domain/merchant/value-objects/MerchantAlias.js">
        <metrics statements="9" coveredstatements="9" conditionals="4" coveredconditionals="4" methods="4" coveredmethods="4"/>
        <line num="2" count="21" type="stmt"/>
        <line num="7" count="18" type="stmt"/>
        <line num="10" count="21" type="stmt"/>
        <line num="11" count="21" type="cond" truecount="2" falsecount="0"/>
        <line num="12" count="2" type="stmt"/>
        <line num="14" count="19" type="cond" truecount="2" falsecount="0"/>
        <line num="15" count="1" type="stmt"/>
        <line num="17" count="18" type="stmt"/>
        <line num="20" count="10" type="stmt"/>
      </file>
      <file name="MerchantName.js" path="/Users/avalara/Dev/budget-control/budget-control-core/dist/domain/merchant/value-objects/MerchantName.js">
        <metrics statements="8" coveredstatements="8" conditionals="4" coveredconditionals="4" methods="3" coveredmethods="3"/>
        <line num="2" count="13" type="stmt"/>
        <line num="7" count="10" type="stmt"/>
        <line num="10" count="13" type="stmt"/>
        <line num="11" count="13" type="cond" truecount="2" falsecount="0"/>
        <line num="12" count="2" type="stmt"/>
        <line num="14" count="11" type="cond" truecount="2" falsecount="0"/>
        <line num="15" count="1" type="stmt"/>
        <line num="17" count="10" type="stmt"/>
      </file>
    </package>
    <package name="domain.transaction.entities">
      <metrics statements="7" coveredstatements="7" conditionals="0" coveredconditionals="0" methods="2" coveredmethods="2"/>
      <file name="Transaction.js" path="/Users/avalara/Dev/budget-control/budget-control-core/dist/domain/transaction/entities/Transaction.js">
        <metrics statements="7" coveredstatements="7" conditionals="0" coveredconditionals="0" methods="2" coveredmethods="2"/>
        <line num="12" count="3" type="stmt"/>
        <line num="13" count="3" type="stmt"/>
        <line num="14" count="3" type="stmt"/>
        <line num="15" count="3" type="stmt"/>
        <line num="16" count="3" type="stmt"/>
        <line num="17" count="3" type="stmt"/>
        <line num="21" count="3" type="stmt"/>
      </file>
    </package>
    <package name="domain.transaction.value-objects">
      <metrics statements="7" coveredstatements="7" conditionals="4" coveredconditionals="3" methods="4" coveredmethods="4"/>
      <file name="TransactionFingerprint.js" path="/Users/avalara/Dev/budget-control/budget-control-core/dist/domain/transaction/value-objects/TransactionFingerprint.js">
        <metrics statements="7" coveredstatements="7" conditionals="4" coveredconditionals="3" methods="4" coveredmethods="4"/>
        <line num="4" count="6" type="stmt"/>
        <line num="7" count="11" type="cond" truecount="1" falsecount="1"/>
        <line num="8" count="11" type="cond" truecount="2" falsecount="0"/>
        <line num="9" count="5" type="stmt"/>
        <line num="11" count="6" type="stmt"/>
        <line num="14" count="2" type="stmt"/>
        <line num="17" count="2" type="stmt"/>
      </file>
    </package>
    <package name="domain.user.entities">
      <metrics statements="7" coveredstatements="7" conditionals="0" coveredconditionals="0" methods="4" coveredmethods="4"/>
      <file name="User.js" path="/Users/avalara/Dev/budget-control/budget-control-core/dist/domain/user/entities/User.js">
        <metrics statements="7" coveredstatements="7" conditionals="0" coveredconditionals="0" methods="4" coveredmethods="4"/>
        <line num="11" count="5" type="stmt"/>
        <line num="12" count="5" type="stmt"/>
        <line num="13" count="5" type="stmt"/>
        <line num="14" count="5" type="stmt"/>
        <line num="17" count="3" type="stmt"/>
        <line num="20" count="1" type="stmt"/>
        <line num="23" count="1" type="stmt"/>
      </file>
    </package>
    <package name="domain.user.value-objects">
      <metrics statements="13" coveredstatements="13" conditionals="6" coveredconditionals="6" methods="4" coveredmethods="4"/>
      <file name="UserEmail.js" path="/Users/avalara/Dev/budget-control/budget-control-core/dist/domain/user/value-objects/UserEmail.js">
        <metrics statements="6" coveredstatements="6" conditionals="2" coveredconditionals="2" methods="2" coveredmethods="2"/>
        <line num="4" count="5" type="stmt"/>
        <line num="7" count="9" type="stmt"/>
        <line num="8" count="9" type="stmt"/>
        <line num="9" count="9" type="cond" truecount="2" falsecount="0"/>
        <line num="10" count="4" type="stmt"/>
        <line num="12" count="5" type="stmt"/>
      </file>
      <file name="UserFullName.js" path="/Users/avalara/Dev/budget-control/budget-control-core/dist/domain/user/value-objects/UserFullName.js">
        <metrics statements="7" coveredstatements="7" conditionals="4" coveredconditionals="4" methods="2" coveredmethods="2"/>
        <line num="4" count="4" type="stmt"/>
        <line num="7" count="7" type="stmt"/>
        <line num="8" count="7" type="cond" truecount="2" falsecount="0"/>
        <line num="9" count="2" type="stmt"/>
        <line num="11" count="5" type="cond" truecount="2" falsecount="0"/>
        <line num="12" count="1" type="stmt"/>
        <line num="14" count="4" type="stmt"/>
      </file>
    </package>
    <package name="integration.nubank.credit-card">
      <metrics statements="41" coveredstatements="37" conditionals="19" coveredconditionals="10" methods="6" coveredmethods="6"/>
      <file name="NubankCreditCardStatementParser.js" path="/Users/avalara/Dev/budget-control/budget-control-core/dist/integration/nubank/credit-card/NubankCreditCardStatementParser.js">
        <metrics statements="41" coveredstatements="37" conditionals="19" coveredconditionals="10" methods="6" coveredmethods="6"/>
        <line num="9" count="1" type="stmt"/>
        <line num="10" count="1" type="cond" truecount="1" falsecount="1"/>
        <line num="11" count="1" type="stmt"/>
        <line num="12" count="1" type="stmt"/>
        <line num="13" count="1" type="stmt"/>
        <line num="14" count="8" type="stmt"/>
        <line num="15" count="8" type="stmt"/>
        <line num="16" count="8" type="stmt"/>
        <line num="17" count="8" type="stmt"/>
        <line num="18" count="8" type="stmt"/>
        <line num="19" count="8" type="cond" truecount="3" falsecount="1"/>
        <line num="21" count="0" type="stmt"/>
        <line num="23" count="8" type="stmt"/>
        <line num="24" count="8" type="stmt"/>
        <line num="26" count="8" type="cond" truecount="1" falsecount="2"/>
        <line num="28" count="8" type="cond" truecount="1" falsecount="1"/>
        <line num="29" count="0" type="stmt"/>
        <line num="31" count="8" type="stmt"/>
        <line num="39" count="1" type="stmt"/>
        <line num="42" count="1" type="stmt"/>
        <line num="43" count="1" type="stmt"/>
        <line num="51" count="41" type="stmt"/>
        <line num="52" count="41" type="stmt"/>
        <line num="53" count="41" type="stmt"/>
        <line num="60" count="1" type="stmt"/>
        <line num="61" count="1" type="cond" truecount="1" falsecount="1"/>
        <line num="62" count="0" type="stmt"/>
        <line num="63" count="1" type="stmt"/>
        <line num="64" count="1" type="stmt"/>
        <line num="65" count="8" type="stmt"/>
        <line num="66" count="8" type="cond" truecount="1" falsecount="1"/>
        <line num="68" count="1" type="stmt"/>
        <line num="80" count="8" type="stmt"/>
        <line num="81" count="8" type="stmt"/>
        <line num="82" count="8" type="cond" truecount="1" falsecount="1"/>
        <line num="83" count="0" type="stmt"/>
        <line num="85" count="8" type="stmt"/>
        <line num="86" count="8" type="stmt"/>
        <line num="87" count="8" type="stmt"/>
        <line num="88" count="8" type="stmt"/>
        <line num="95" count="8" type="stmt"/>
      </file>
    </package>
  </project>
</coverage>
