{"/Users/avalara/Dev/budget-control/budget-control-core/dist/application/transaction/services/TransactionFingerprintCanonicalizer.js": {"path":"/Users/avalara/Dev/budget-control/budget-control-core/dist/application/transaction/services/TransactionFingerprintCanonicalizer.js","statementMap":{"0":{"start":{"line":3,"column":21},"end":{"line":3,"column":65}},"1":{"start":{"line":3,"column":28},"end":{"line":3,"column":65}},"2":{"start":{"line":4,"column":26},"end":{"line":9,"column":9}},"3":{"start":{"line":10,"column":8},"end":{"line":10,"column":41}}},"fnMap":{"0":{"name":"(anonymous_0)","decl":{"start":{"line":2,"column":4},"end":{"line":2,"column":5}},"loc":{"start":{"line":2,"column":21},"end":{"line":11,"column":5}},"line":2},"1":{"name":"(anonymous_1)","decl":{"start":{"line":3,"column":21},"end":{"line":3,"column":22}},"loc":{"start":{"line":3,"column":28},"end":{"line":3,"column":65}},"line":3}},"branchMap":{"0":{"loc":{"start":{"line":3,"column":29},"end":{"line":3,"column":36}},"type":"binary-expr","locations":[{"start":{"line":3,"column":29},"end":{"line":3,"column":30}},{"start":{"line":3,"column":34},"end":{"line":3,"column":36}}],"line":3},"1":{"loc":{"start":{"line":8,"column":26},"end":{"line":8,"column":74}},"type":"binary-expr","locations":[{"start":{"line":8,"column":26},"end":{"line":8,"column":61}},{"start":{"line":8,"column":65},"end":{"line":8,"column":74}}],"line":8}},"s":{"0":11,"1":44,"2":11,"3":11},"f":{"0":11,"1":44},"b":{"0":[44,0],"1":[11,2]},"inputSourceMap":null,"_coverageSchema":"1a1c01bbd47fc00a2c39e90264f33305004495a9","hash":"0ca7d2c0405fdc4ed23cefe7dafa65e390747bff"}
,"/Users/avalara/Dev/budget-control/budget-control-core/dist/application/transaction/use-cases/ImportTransactionsUseCase.js": {"path":"/Users/avalara/Dev/budget-control/budget-control-core/dist/application/transaction/use-cases/ImportTransactionsUseCase.js","statementMap":{"0":{"start":{"line":5,"column":20},"end":{"line":5,"column":68}},"1":{"start":{"line":7,"column":8},"end":{"line":7,"column":57}},"2":{"start":{"line":8,"column":8},"end":{"line":8,"column":37}},"3":{"start":{"line":11,"column":8},"end":{"line":11,"column":39}},"4":{"start":{"line":12,"column":22},"end":{"line":16,"column":10}},"5":{"start":{"line":13,"column":30},"end":{"line":13,"column":65}},"6":{"start":{"line":14,"column":32},"end":{"line":14,"column":77}},"7":{"start":{"line":15,"column":12},"end":{"line":15,"column":63}},"8":{"start":{"line":17,"column":8},"end":{"line":23,"column":11}},"9":{"start":{"line":26,"column":8},"end":{"line":27,"column":77}},"10":{"start":{"line":27,"column":12},"end":{"line":27,"column":77}},"11":{"start":{"line":28,"column":8},"end":{"line":29,"column":75}},"12":{"start":{"line":29,"column":12},"end":{"line":29,"column":75}},"13":{"start":{"line":30,"column":8},"end":{"line":31,"column":82}},"14":{"start":{"line":31,"column":12},"end":{"line":31,"column":82}},"15":{"start":{"line":32,"column":8},"end":{"line":33,"column":77}},"16":{"start":{"line":33,"column":12},"end":{"line":33,"column":77}},"17":{"start":{"line":34,"column":8},"end":{"line":36,"column":9}},"18":{"start":{"line":35,"column":12},"end":{"line":35,"column":88}}},"fnMap":{"0":{"name":"(anonymous_0)","decl":{"start":{"line":6,"column":4},"end":{"line":6,"column":5}},"loc":{"start":{"line":6,"column":50},"end":{"line":9,"column":5}},"line":6},"1":{"name":"(anonymous_1)","decl":{"start":{"line":10,"column":4},"end":{"line":10,"column":5}},"loc":{"start":{"line":10,"column":27},"end":{"line":24,"column":5}},"line":10},"2":{"name":"(anonymous_2)","decl":{"start":{"line":12,"column":47},"end":{"line":12,"column":48}},"loc":{"start":{"line":12,"column":55},"end":{"line":16,"column":9}},"line":12},"3":{"name":"(anonymous_3)","decl":{"start":{"line":25,"column":4},"end":{"line":25,"column":5}},"loc":{"start":{"line":25,"column":30},"end":{"line":37,"column":5}},"line":25}},"branchMap":{"0":{"loc":{"start":{"line":26,"column":8},"end":{"line":27,"column":77}},"type":"if","locations":[{"start":{"line":26,"column":8},"end":{"line":27,"column":77}},{"start":{},"end":{}}],"line":26},"1":{"loc":{"start":{"line":28,"column":8},"end":{"line":29,"column":75}},"type":"if","locations":[{"start":{"line":28,"column":8},"end":{"line":29,"column":75}},{"start":{},"end":{}}],"line":28},"2":{"loc":{"start":{"line":30,"column":8},"end":{"line":31,"column":82}},"type":"if","locations":[{"start":{"line":30,"column":8},"end":{"line":31,"column":82}},{"start":{},"end":{}}],"line":30},"3":{"loc":{"start":{"line":32,"column":8},"end":{"line":33,"column":77}},"type":"if","locations":[{"start":{"line":32,"column":8},"end":{"line":33,"column":77}},{"start":{},"end":{}}],"line":32},"4":{"loc":{"start":{"line":34,"column":8},"end":{"line":36,"column":9}},"type":"if","locations":[{"start":{"line":34,"column":8},"end":{"line":36,"column":9}},{"start":{},"end":{}}],"line":34}},"s":{"0":8,"1":8,"2":8,"3":8,"4":3,"5":4,"6":4,"7":4,"8":3,"9":8,"10":1,"11":7,"12":1,"13":6,"14":1,"15":5,"16":1,"17":4,"18":1},"f":{"0":8,"1":8,"2":4,"3":8},"b":{"0":[1,7],"1":[1,6],"2":[1,5],"3":[1,4],"4":[1,3]},"inputSourceMap":null,"_coverageSchema":"1a1c01bbd47fc00a2c39e90264f33305004495a9","hash":"af7f61b9c3f311ca1fae5da175b9c5f736a87ad9"}
,"/Users/avalara/Dev/budget-control/budget-control-core/dist/application/user/use-cases/RegisterUserUseCase.js": {"path":"/Users/avalara/Dev/budget-control/budget-control-core/dist/application/user/use-cases/RegisterUserUseCase.js","statementMap":{"0":{"start":{"line":5,"column":8},"end":{"line":5,"column":39}},"1":{"start":{"line":6,"column":8},"end":{"line":6,"column":59}},"2":{"start":{"line":9,"column":27},"end":{"line":9,"column":69}},"3":{"start":{"line":10,"column":8},"end":{"line":14,"column":11}},"4":{"start":{"line":15,"column":8},"end":{"line":15,"column":26}}},"fnMap":{"0":{"name":"(anonymous_0)","decl":{"start":{"line":4,"column":4},"end":{"line":4,"column":5}},"loc":{"start":{"line":4,"column":52},"end":{"line":7,"column":5}},"line":4},"1":{"name":"(anonymous_1)","decl":{"start":{"line":8,"column":4},"end":{"line":8,"column":5}},"loc":{"start":{"line":8,"column":25},"end":{"line":16,"column":5}},"line":8}},"branchMap":{},"s":{"0":4,"1":4,"2":4,"3":3,"4":2},"f":{"0":4,"1":4},"b":{},"inputSourceMap":null,"_coverageSchema":"1a1c01bbd47fc00a2c39e90264f33305004495a9","hash":"cf73b74bc9f4479d675862377b63dfe332a3216c"}
,"/Users/avalara/Dev/budget-control/budget-control-core/dist/domain/common/value-objects/EntityId.js": {"path":"/Users/avalara/Dev/budget-control/budget-control-core/dist/domain/common/value-objects/EntityId.js","statementMap":{"0":{"start":{"line":1,"column":22},"end":{"line":1,"column":94}},"1":{"start":{"line":5,"column":8},"end":{"line":5,"column":27}},"2":{"start":{"line":8,"column":27},"end":{"line":8,"column":39}},"3":{"start":{"line":9,"column":8},"end":{"line":11,"column":9}},"4":{"start":{"line":10,"column":12},"end":{"line":10,"column":63}},"5":{"start":{"line":12,"column":8},"end":{"line":12,"column":40}},"6":{"start":{"line":15,"column":8},"end":{"line":15,"column":42}}},"fnMap":{"0":{"name":"(anonymous_0)","decl":{"start":{"line":4,"column":4},"end":{"line":4,"column":5}},"loc":{"start":{"line":4,"column":23},"end":{"line":6,"column":5}},"line":4},"1":{"name":"(anonymous_1)","decl":{"start":{"line":7,"column":4},"end":{"line":7,"column":5}},"loc":{"start":{"line":7,"column":21},"end":{"line":13,"column":5}},"line":7},"2":{"name":"(anonymous_2)","decl":{"start":{"line":14,"column":4},"end":{"line":14,"column":5}},"loc":{"start":{"line":14,"column":18},"end":{"line":16,"column":5}},"line":14}},"branchMap":{"0":{"loc":{"start":{"line":9,"column":8},"end":{"line":11,"column":9}},"type":"if","locations":[{"start":{"line":9,"column":8},"end":{"line":11,"column":9}},{"start":{},"end":{}}],"line":9}},"s":{"0":4,"1":11,"2":18,"3":18,"4":7,"5":11,"6":11},"f":{"0":11,"1":18,"2":11},"b":{"0":[7,11]},"inputSourceMap":null,"_coverageSchema":"1a1c01bbd47fc00a2c39e90264f33305004495a9","hash":"285834517f2e969ba3afa90820a975c851623a08"}
,"/Users/avalara/Dev/budget-control/budget-control-core/dist/domain/common/value-objects/IsoDate.js": {"path":"/Users/avalara/Dev/budget-control/budget-control-core/dist/domain/common/value-objects/IsoDate.js","statementMap":{"0":{"start":{"line":1,"column":23},"end":{"line":1,"column":44}},"1":{"start":{"line":5,"column":8},"end":{"line":5,"column":27}},"2":{"start":{"line":8,"column":27},"end":{"line":8,"column":39}},"3":{"start":{"line":9,"column":8},"end":{"line":11,"column":9}},"4":{"start":{"line":10,"column":12},"end":{"line":10,"column":68}},"5":{"start":{"line":13,"column":21},"end":{"line":13,"column":56}},"6":{"start":{"line":14,"column":8},"end":{"line":16,"column":9}},"7":{"start":{"line":15,"column":12},"end":{"line":15,"column":68}},"8":{"start":{"line":18,"column":26},"end":{"line":18,"column":59}},"9":{"start":{"line":19,"column":8},"end":{"line":23,"column":9}},"10":{"start":{"line":22,"column":12},"end":{"line":22,"column":68}},"11":{"start":{"line":24,"column":8},"end":{"line":24,"column":39}},"12":{"start":{"line":27,"column":8},"end":{"line":27,"column":42}},"13":{"start":{"line":30,"column":8},"end":{"line":30,"column":40}},"14":{"start":{"line":33,"column":8},"end":{"line":33,"column":40}}},"fnMap":{"0":{"name":"(anonymous_0)","decl":{"start":{"line":4,"column":4},"end":{"line":4,"column":5}},"loc":{"start":{"line":4,"column":23},"end":{"line":6,"column":5}},"line":4},"1":{"name":"(anonymous_1)","decl":{"start":{"line":7,"column":4},"end":{"line":7,"column":5}},"loc":{"start":{"line":7,"column":21},"end":{"line":25,"column":5}},"line":7},"2":{"name":"(anonymous_2)","decl":{"start":{"line":26,"column":4},"end":{"line":26,"column":5}},"loc":{"start":{"line":26,"column":18},"end":{"line":28,"column":5}},"line":26},"3":{"name":"(anonymous_3)","decl":{"start":{"line":29,"column":4},"end":{"line":29,"column":5}},"loc":{"start":{"line":29,"column":20},"end":{"line":31,"column":5}},"line":29},"4":{"name":"(anonymous_4)","decl":{"start":{"line":32,"column":4},"end":{"line":32,"column":5}},"loc":{"start":{"line":32,"column":19},"end":{"line":34,"column":5}},"line":32}},"branchMap":{"0":{"loc":{"start":{"line":9,"column":8},"end":{"line":11,"column":9}},"type":"if","locations":[{"start":{"line":9,"column":8},"end":{"line":11,"column":9}},{"start":{},"end":{}}],"line":9},"1":{"loc":{"start":{"line":14,"column":8},"end":{"line":16,"column":9}},"type":"if","locations":[{"start":{"line":14,"column":8},"end":{"line":16,"column":9}},{"start":{},"end":{}}],"line":14},"2":{"loc":{"start":{"line":19,"column":8},"end":{"line":23,"column":9}},"type":"if","locations":[{"start":{"line":19,"column":8},"end":{"line":23,"column":9}},{"start":{},"end":{}}],"line":19},"3":{"loc":{"start":{"line":19,"column":12},"end":{"line":21,"column":35}},"type":"binary-expr","locations":[{"start":{"line":19,"column":12},"end":{"line":19,"column":39}},{"start":{"line":20,"column":12},"end":{"line":20,"column":40}},{"start":{"line":21,"column":12},"end":{"line":21,"column":35}}],"line":19}},"s":{"0":4,"1":22,"2":28,"3":28,"4":3,"5":25,"6":25,"7":0,"8":25,"9":25,"10":3,"11":22,"12":4,"13":3,"14":3},"f":{"0":22,"1":28,"2":4,"3":3,"4":3},"b":{"0":[3,25],"1":[0,25],"2":[3,22],"3":[25,25,22]},"inputSourceMap":null,"_coverageSchema":"1a1c01bbd47fc00a2c39e90264f33305004495a9","hash":"64d19f9ec9a9d0215efc9d9b0c19dcee89ca34bc"}
,"/Users/avalara/Dev/budget-control/budget-control-core/dist/domain/common/value-objects/Money.js": {"path":"/Users/avalara/Dev/budget-control/budget-control-core/dist/domain/common/value-objects/Money.js","statementMap":{"0":{"start":{"line":5,"column":8},"end":{"line":5,"column":29}},"1":{"start":{"line":6,"column":8},"end":{"line":6,"column":33}},"2":{"start":{"line":9,"column":8},"end":{"line":11,"column":9}},"3":{"start":{"line":10,"column":12},"end":{"line":10,"column":68}},"4":{"start":{"line":12,"column":8},"end":{"line":12,"column":43}},"5":{"start":{"line":15,"column":8},"end":{"line":15,"column":39}},"6":{"start":{"line":16,"column":8},"end":{"line":16,"column":67}},"7":{"start":{"line":19,"column":8},"end":{"line":19,"column":39}},"8":{"start":{"line":20,"column":8},"end":{"line":20,"column":67}},"9":{"start":{"line":23,"column":8},"end":{"line":24,"column":46}},"10":{"start":{"line":27,"column":8},"end":{"line":29,"column":9}},"11":{"start":{"line":28,"column":12},"end":{"line":28,"column":110}}},"fnMap":{"0":{"name":"(anonymous_0)","decl":{"start":{"line":4,"column":4},"end":{"line":4,"column":5}},"loc":{"start":{"line":4,"column":34},"end":{"line":7,"column":5}},"line":4},"1":{"name":"(anonymous_1)","decl":{"start":{"line":8,"column":4},"end":{"line":8,"column":5}},"loc":{"start":{"line":8,"column":32},"end":{"line":13,"column":5}},"line":8},"2":{"name":"(anonymous_2)","decl":{"start":{"line":14,"column":4},"end":{"line":14,"column":5}},"loc":{"start":{"line":14,"column":15},"end":{"line":17,"column":5}},"line":14},"3":{"name":"(anonymous_3)","decl":{"start":{"line":18,"column":4},"end":{"line":18,"column":5}},"loc":{"start":{"line":18,"column":20},"end":{"line":21,"column":5}},"line":18},"4":{"name":"(anonymous_4)","decl":{"start":{"line":22,"column":4},"end":{"line":22,"column":5}},"loc":{"start":{"line":22,"column":18},"end":{"line":25,"column":5}},"line":22},"5":{"name":"(anonymous_5)","decl":{"start":{"line":26,"column":4},"end":{"line":26,"column":5}},"loc":{"start":{"line":26,"column":30},"end":{"line":30,"column":5}},"line":26}},"branchMap":{"0":{"loc":{"start":{"line":9,"column":8},"end":{"line":11,"column":9}},"type":"if","locations":[{"start":{"line":9,"column":8},"end":{"line":11,"column":9}},{"start":{},"end":{}}],"line":9},"1":{"loc":{"start":{"line":23,"column":16},"end":{"line":24,"column":44}},"type":"binary-expr","locations":[{"start":{"line":23,"column":16},"end":{"line":23,"column":44}},{"start":{"line":24,"column":12},"end":{"line":24,"column":44}}],"line":23},"2":{"loc":{"start":{"line":27,"column":8},"end":{"line":29,"column":9}},"type":"if","locations":[{"start":{"line":27,"column":8},"end":{"line":29,"column":9}},{"start":{},"end":{}}],"line":27}},"s":{"0":23,"1":23,"2":26,"3":3,"4":23,"5":3,"6":2,"7":2,"8":1,"9":4,"10":5,"11":2},"f":{"0":23,"1":26,"2":3,"3":2,"4":4,"5":5},"b":{"0":[3,23],"1":[4,3],"2":[2,3]},"inputSourceMap":null,"_coverageSchema":"1a1c01bbd47fc00a2c39e90264f33305004495a9","hash":"45beff77c555ba60dfc0cf8849ce160b5ee40f55"}
,"/Users/avalara/Dev/budget-control/budget-control-core/dist/domain/merchant/entities/Merchant.js": {"path":"/Users/avalara/Dev/budget-control/budget-control-core/dist/domain/merchant/entities/Merchant.js","statementMap":{"0":{"start":{"line":12,"column":8},"end":{"line":12,"column":21}},"1":{"start":{"line":13,"column":8},"end":{"line":13,"column":25}},"2":{"start":{"line":14,"column":8},"end":{"line":14,"column":31}},"3":{"start":{"line":15,"column":8},"end":{"line":15,"column":35}},"4":{"start":{"line":16,"column":8},"end":{"line":16,"column":35}},"5":{"start":{"line":19,"column":24},"end":{"line":19,"column":68}},"6":{"start":{"line":20,"column":8},"end":{"line":20,"column":97}},"7":{"start":{"line":23,"column":8},"end":{"line":23,"column":87}},"8":{"start":{"line":26,"column":21},"end":{"line":26,"column":69}},"9":{"start":{"line":27,"column":8},"end":{"line":27,"column":81}},"10":{"start":{"line":30,"column":21},"end":{"line":30,"column":65}},"11":{"start":{"line":30,"column":48},"end":{"line":30,"column":64}},"12":{"start":{"line":31,"column":8},"end":{"line":31,"column":81}},"13":{"start":{"line":34,"column":23},"end":{"line":34,"column":25}},"14":{"start":{"line":35,"column":8},"end":{"line":39,"column":9}},"15":{"start":{"line":36,"column":12},"end":{"line":38,"column":13}},"16":{"start":{"line":36,"column":36},"end":{"line":36,"column":51}},"17":{"start":{"line":37,"column":16},"end":{"line":37,"column":35}},"18":{"start":{"line":40,"column":8},"end":{"line":40,"column":22}}},"fnMap":{"0":{"name":"(anonymous_0)","decl":{"start":{"line":11,"column":4},"end":{"line":11,"column":5}},"loc":{"start":{"line":11,"column":57},"end":{"line":17,"column":5}},"line":11},"1":{"name":"(anonymous_1)","decl":{"start":{"line":18,"column":4},"end":{"line":18,"column":5}},"loc":{"start":{"line":18,"column":26},"end":{"line":21,"column":5}},"line":18},"2":{"name":"(anonymous_2)","decl":{"start":{"line":22,"column":4},"end":{"line":22,"column":5}},"loc":{"start":{"line":22,"column":35},"end":{"line":24,"column":5}},"line":22},"3":{"name":"(anonymous_3)","decl":{"start":{"line":25,"column":4},"end":{"line":25,"column":5}},"loc":{"start":{"line":25,"column":31},"end":{"line":28,"column":5}},"line":25},"4":{"name":"(anonymous_4)","decl":{"start":{"line":29,"column":4},"end":{"line":29,"column":5}},"loc":{"start":{"line":29,"column":34},"end":{"line":32,"column":5}},"line":29},"5":{"name":"(anonymous_5)","decl":{"start":{"line":30,"column":41},"end":{"line":30,"column":42}},"loc":{"start":{"line":30,"column":48},"end":{"line":30,"column":64}},"line":30},"6":{"name":"(anonymous_6)","decl":{"start":{"line":33,"column":4},"end":{"line":33,"column":5}},"loc":{"start":{"line":33,"column":34},"end":{"line":41,"column":5}},"line":33},"7":{"name":"(anonymous_7)","decl":{"start":{"line":36,"column":29},"end":{"line":36,"column":30}},"loc":{"start":{"line":36,"column":36},"end":{"line":36,"column":51}},"line":36}},"branchMap":{"0":{"loc":{"start":{"line":19,"column":47},"end":{"line":19,"column":67}},"type":"binary-expr","locations":[{"start":{"line":19,"column":47},"end":{"line":19,"column":61}},{"start":{"line":19,"column":65},"end":{"line":19,"column":67}}],"line":19},"1":{"loc":{"start":{"line":36,"column":12},"end":{"line":38,"column":13}},"type":"if","locations":[{"start":{"line":36,"column":12},"end":{"line":38,"column":13}},{"start":{},"end":{}}],"line":36}},"s":{"0":12,"1":12,"2":12,"3":12,"4":12,"5":7,"6":7,"7":1,"8":2,"9":2,"10":2,"11":3,"12":2,"13":9,"14":9,"15":11,"16":4,"17":9,"18":9},"f":{"0":12,"1":7,"2":1,"3":2,"4":2,"5":3,"6":9,"7":4},"b":{"0":[7,2],"1":[9,2]},"inputSourceMap":null,"_coverageSchema":"1a1c01bbd47fc00a2c39e90264f33305004495a9","hash":"bf5593ad31f4086753157de9b753a6d2d3f10c35"}
,"/Users/avalara/Dev/budget-control/budget-control-core/dist/domain/merchant/value-objects/MerchantAlias.js": {"path":"/Users/avalara/Dev/budget-control/budget-control-core/dist/domain/merchant/value-objects/MerchantAlias.js","statementMap":{"0":{"start":{"line":2,"column":4},"end":{"line":2,"column":45}},"1":{"start":{"line":7,"column":8},"end":{"line":7,"column":27}},"2":{"start":{"line":10,"column":27},"end":{"line":10,"column":48}},"3":{"start":{"line":11,"column":8},"end":{"line":13,"column":9}},"4":{"start":{"line":12,"column":12},"end":{"line":12,"column":77}},"5":{"start":{"line":14,"column":8},"end":{"line":16,"column":9}},"6":{"start":{"line":15,"column":12},"end":{"line":15,"column":78}},"7":{"start":{"line":17,"column":8},"end":{"line":17,"column":45}},"8":{"start":{"line":20,"column":8},"end":{"line":20,"column":70}}},"fnMap":{"0":{"name":"normalizeAlias","decl":{"start":{"line":1,"column":9},"end":{"line":1,"column":23}},"loc":{"start":{"line":1,"column":31},"end":{"line":3,"column":1}},"line":1},"1":{"name":"(anonymous_1)","decl":{"start":{"line":6,"column":4},"end":{"line":6,"column":5}},"loc":{"start":{"line":6,"column":23},"end":{"line":8,"column":5}},"line":6},"2":{"name":"(anonymous_2)","decl":{"start":{"line":9,"column":4},"end":{"line":9,"column":5}},"loc":{"start":{"line":9,"column":21},"end":{"line":18,"column":5}},"line":9},"3":{"name":"(anonymous_3)","decl":{"start":{"line":19,"column":4},"end":{"line":19,"column":5}},"loc":{"start":{"line":19,"column":18},"end":{"line":21,"column":5}},"line":19}},"branchMap":{"0":{"loc":{"start":{"line":11,"column":8},"end":{"line":13,"column":9}},"type":"if","locations":[{"start":{"line":11,"column":8},"end":{"line":13,"column":9}},{"start":{},"end":{}}],"line":11},"1":{"loc":{"start":{"line":14,"column":8},"end":{"line":16,"column":9}},"type":"if","locations":[{"start":{"line":14,"column":8},"end":{"line":16,"column":9}},{"start":{},"end":{}}],"line":14}},"s":{"0":21,"1":18,"2":21,"3":21,"4":2,"5":19,"6":1,"7":18,"8":10},"f":{"0":21,"1":18,"2":21,"3":10},"b":{"0":[2,19],"1":[1,18]},"inputSourceMap":null,"_coverageSchema":"1a1c01bbd47fc00a2c39e90264f33305004495a9","hash":"c3f2aaa3d501fa4419b18f6d55adb8c211ad4a80"}
,"/Users/avalara/Dev/budget-control/budget-control-core/dist/domain/merchant/value-objects/MerchantName.js": {"path":"/Users/avalara/Dev/budget-control/budget-control-core/dist/domain/merchant/value-objects/MerchantName.js","statementMap":{"0":{"start":{"line":2,"column":4},"end":{"line":2,"column":45}},"1":{"start":{"line":7,"column":8},"end":{"line":7,"column":27}},"2":{"start":{"line":10,"column":27},"end":{"line":10,"column":47}},"3":{"start":{"line":11,"column":8},"end":{"line":13,"column":9}},"4":{"start":{"line":12,"column":12},"end":{"line":12,"column":76}},"5":{"start":{"line":14,"column":8},"end":{"line":16,"column":9}},"6":{"start":{"line":15,"column":12},"end":{"line":15,"column":77}},"7":{"start":{"line":17,"column":8},"end":{"line":17,"column":44}}},"fnMap":{"0":{"name":"normalizeName","decl":{"start":{"line":1,"column":9},"end":{"line":1,"column":22}},"loc":{"start":{"line":1,"column":30},"end":{"line":3,"column":1}},"line":1},"1":{"name":"(anonymous_1)","decl":{"start":{"line":6,"column":4},"end":{"line":6,"column":5}},"loc":{"start":{"line":6,"column":23},"end":{"line":8,"column":5}},"line":6},"2":{"name":"(anonymous_2)","decl":{"start":{"line":9,"column":4},"end":{"line":9,"column":5}},"loc":{"start":{"line":9,"column":21},"end":{"line":18,"column":5}},"line":9}},"branchMap":{"0":{"loc":{"start":{"line":11,"column":8},"end":{"line":13,"column":9}},"type":"if","locations":[{"start":{"line":11,"column":8},"end":{"line":13,"column":9}},{"start":{},"end":{}}],"line":11},"1":{"loc":{"start":{"line":14,"column":8},"end":{"line":16,"column":9}},"type":"if","locations":[{"start":{"line":14,"column":8},"end":{"line":16,"column":9}},{"start":{},"end":{}}],"line":14}},"s":{"0":13,"1":10,"2":13,"3":13,"4":2,"5":11,"6":1,"7":10},"f":{"0":13,"1":10,"2":13},"b":{"0":[2,11],"1":[1,10]},"inputSourceMap":null,"_coverageSchema":"1a1c01bbd47fc00a2c39e90264f33305004495a9","hash":"b288b181014a940c43d521712975c216ee7cd179"}
,"/Users/avalara/Dev/budget-control/budget-control-core/dist/domain/transaction/entities/Transaction.js": {"path":"/Users/avalara/Dev/budget-control/budget-control-core/dist/domain/transaction/entities/Transaction.js","statementMap":{"0":{"start":{"line":12,"column":8},"end":{"line":12,"column":21}},"1":{"start":{"line":13,"column":8},"end":{"line":13,"column":29}},"2":{"start":{"line":14,"column":8},"end":{"line":14,"column":25}},"3":{"start":{"line":15,"column":8},"end":{"line":15,"column":27}},"4":{"start":{"line":16,"column":8},"end":{"line":16,"column":37}},"5":{"start":{"line":17,"column":8},"end":{"line":17,"column":28}},"6":{"start":{"line":21,"column":8},"end":{"line":21,"column":103}}},"fnMap":{"0":{"name":"(anonymous_0)","decl":{"start":{"line":11,"column":4},"end":{"line":11,"column":5}},"loc":{"start":{"line":11,"column":53},"end":{"line":18,"column":5}},"line":11},"1":{"name":"(anonymous_1)","decl":{"start":{"line":19,"column":4},"end":{"line":19,"column":5}},"loc":{"start":{"line":19,"column":26},"end":{"line":22,"column":5}},"line":19}},"branchMap":{},"s":{"0":3,"1":3,"2":3,"3":3,"4":3,"5":3,"6":3},"f":{"0":3,"1":3},"b":{},"inputSourceMap":null,"_coverageSchema":"1a1c01bbd47fc00a2c39e90264f33305004495a9","hash":"43be09994c6a5071449911608f20fedfea690f51"}
,"/Users/avalara/Dev/budget-control/budget-control-core/dist/domain/transaction/value-objects/TransactionFingerprint.js": {"path":"/Users/avalara/Dev/budget-control/budget-control-core/dist/domain/transaction/value-objects/TransactionFingerprint.js","statementMap":{"0":{"start":{"line":4,"column":8},"end":{"line":4,"column":27}},"1":{"start":{"line":7,"column":18},"end":{"line":7,"column":52}},"2":{"start":{"line":8,"column":8},"end":{"line":10,"column":9}},"3":{"start":{"line":9,"column":12},"end":{"line":9,"column":83}},"4":{"start":{"line":11,"column":8},"end":{"line":11,"column":45}},"5":{"start":{"line":14,"column":8},"end":{"line":14,"column":26}},"6":{"start":{"line":17,"column":8},"end":{"line":17,"column":42}}},"fnMap":{"0":{"name":"(anonymous_0)","decl":{"start":{"line":3,"column":4},"end":{"line":3,"column":5}},"loc":{"start":{"line":3,"column":23},"end":{"line":5,"column":5}},"line":3},"1":{"name":"(anonymous_1)","decl":{"start":{"line":6,"column":4},"end":{"line":6,"column":5}},"loc":{"start":{"line":6,"column":21},"end":{"line":12,"column":5}},"line":6},"2":{"name":"(anonymous_2)","decl":{"start":{"line":13,"column":4},"end":{"line":13,"column":5}},"loc":{"start":{"line":13,"column":15},"end":{"line":15,"column":5}},"line":13},"3":{"name":"(anonymous_3)","decl":{"start":{"line":16,"column":4},"end":{"line":16,"column":5}},"loc":{"start":{"line":16,"column":18},"end":{"line":18,"column":5}},"line":16}},"branchMap":{"0":{"loc":{"start":{"line":7,"column":19},"end":{"line":7,"column":30}},"type":"binary-expr","locations":[{"start":{"line":7,"column":19},"end":{"line":7,"column":24}},{"start":{"line":7,"column":28},"end":{"line":7,"column":30}}],"line":7},"1":{"loc":{"start":{"line":8,"column":8},"end":{"line":10,"column":9}},"type":"if","locations":[{"start":{"line":8,"column":8},"end":{"line":10,"column":9}},{"start":{},"end":{}}],"line":8}},"s":{"0":6,"1":11,"2":11,"3":5,"4":6,"5":2,"6":2},"f":{"0":6,"1":11,"2":2,"3":2},"b":{"0":[11,0],"1":[5,6]},"inputSourceMap":null,"_coverageSchema":"1a1c01bbd47fc00a2c39e90264f33305004495a9","hash":"0fd704ecf6b2633da8278d105ba381eee57041f6"}
,"/Users/avalara/Dev/budget-control/budget-control-core/dist/domain/user/entities/User.js": {"path":"/Users/avalara/Dev/budget-control/budget-control-core/dist/domain/user/entities/User.js","statementMap":{"0":{"start":{"line":11,"column":8},"end":{"line":11,"column":21}},"1":{"start":{"line":12,"column":8},"end":{"line":12,"column":33}},"2":{"start":{"line":13,"column":8},"end":{"line":13,"column":27}},"3":{"start":{"line":14,"column":8},"end":{"line":14,"column":35}},"4":{"start":{"line":17,"column":8},"end":{"line":17,"column":84}},"5":{"start":{"line":20,"column":8},"end":{"line":20,"column":70}},"6":{"start":{"line":23,"column":8},"end":{"line":23,"column":74}}},"fnMap":{"0":{"name":"(anonymous_0)","decl":{"start":{"line":10,"column":4},"end":{"line":10,"column":5}},"loc":{"start":{"line":10,"column":48},"end":{"line":15,"column":5}},"line":10},"1":{"name":"(anonymous_1)","decl":{"start":{"line":16,"column":4},"end":{"line":16,"column":5}},"loc":{"start":{"line":16,"column":26},"end":{"line":18,"column":5}},"line":16},"2":{"name":"(anonymous_2)","decl":{"start":{"line":19,"column":4},"end":{"line":19,"column":5}},"loc":{"start":{"line":19,"column":24},"end":{"line":21,"column":5}},"line":19},"3":{"name":"(anonymous_3)","decl":{"start":{"line":22,"column":4},"end":{"line":22,"column":5}},"loc":{"start":{"line":22,"column":26},"end":{"line":24,"column":5}},"line":22}},"branchMap":{},"s":{"0":5,"1":5,"2":5,"3":5,"4":3,"5":1,"6":1},"f":{"0":5,"1":3,"2":1,"3":1},"b":{},"inputSourceMap":null,"_coverageSchema":"1a1c01bbd47fc00a2c39e90264f33305004495a9","hash":"81672264bcf6efa8c605b5ac26562af3757de561"}
,"/Users/avalara/Dev/budget-control/budget-control-core/dist/domain/user/value-objects/UserEmail.js": {"path":"/Users/avalara/Dev/budget-control/budget-control-core/dist/domain/user/value-objects/UserEmail.js","statementMap":{"0":{"start":{"line":4,"column":8},"end":{"line":4,"column":27}},"1":{"start":{"line":7,"column":27},"end":{"line":7,"column":53}},"2":{"start":{"line":8,"column":27},"end":{"line":8,"column":55}},"3":{"start":{"line":9,"column":8},"end":{"line":11,"column":9}},"4":{"start":{"line":10,"column":12},"end":{"line":10,"column":53}},"5":{"start":{"line":12,"column":8},"end":{"line":12,"column":41}}},"fnMap":{"0":{"name":"(anonymous_0)","decl":{"start":{"line":3,"column":4},"end":{"line":3,"column":5}},"loc":{"start":{"line":3,"column":23},"end":{"line":5,"column":5}},"line":3},"1":{"name":"(anonymous_1)","decl":{"start":{"line":6,"column":4},"end":{"line":6,"column":5}},"loc":{"start":{"line":6,"column":21},"end":{"line":13,"column":5}},"line":6}},"branchMap":{"0":{"loc":{"start":{"line":9,"column":8},"end":{"line":11,"column":9}},"type":"if","locations":[{"start":{"line":9,"column":8},"end":{"line":11,"column":9}},{"start":{},"end":{}}],"line":9}},"s":{"0":5,"1":9,"2":9,"3":9,"4":4,"5":5},"f":{"0":5,"1":9},"b":{"0":[4,5]},"inputSourceMap":null,"_coverageSchema":"1a1c01bbd47fc00a2c39e90264f33305004495a9","hash":"08f6336b5405ac926a600ec50e3733bf25451bb9"}
,"/Users/avalara/Dev/budget-control/budget-control-core/dist/domain/user/value-objects/UserFullName.js": {"path":"/Users/avalara/Dev/budget-control/budget-control-core/dist/domain/user/value-objects/UserFullName.js","statementMap":{"0":{"start":{"line":4,"column":8},"end":{"line":4,"column":27}},"1":{"start":{"line":7,"column":27},"end":{"line":7,"column":39}},"2":{"start":{"line":8,"column":8},"end":{"line":10,"column":9}},"3":{"start":{"line":9,"column":12},"end":{"line":9,"column":78}},"4":{"start":{"line":11,"column":8},"end":{"line":13,"column":9}},"5":{"start":{"line":12,"column":12},"end":{"line":12,"column":88}},"6":{"start":{"line":14,"column":8},"end":{"line":14,"column":44}}},"fnMap":{"0":{"name":"(anonymous_0)","decl":{"start":{"line":3,"column":4},"end":{"line":3,"column":5}},"loc":{"start":{"line":3,"column":23},"end":{"line":5,"column":5}},"line":3},"1":{"name":"(anonymous_1)","decl":{"start":{"line":6,"column":4},"end":{"line":6,"column":5}},"loc":{"start":{"line":6,"column":21},"end":{"line":15,"column":5}},"line":6}},"branchMap":{"0":{"loc":{"start":{"line":8,"column":8},"end":{"line":10,"column":9}},"type":"if","locations":[{"start":{"line":8,"column":8},"end":{"line":10,"column":9}},{"start":{},"end":{}}],"line":8},"1":{"loc":{"start":{"line":11,"column":8},"end":{"line":13,"column":9}},"type":"if","locations":[{"start":{"line":11,"column":8},"end":{"line":13,"column":9}},{"start":{},"end":{}}],"line":11}},"s":{"0":4,"1":7,"2":7,"3":2,"4":5,"5":1,"6":4},"f":{"0":4,"1":7},"b":{"0":[2,5],"1":[1,4]},"inputSourceMap":null,"_coverageSchema":"1a1c01bbd47fc00a2c39e90264f33305004495a9","hash":"cfdd105976feefd2a811a8d403eebdd1baee36d5"}
,"/Users/avalara/Dev/budget-control/budget-control-core/dist/integration/nubank/credit-card/NubankCreditCardStatementParser.js": {"path":"/Users/avalara/Dev/budget-control/budget-control-core/dist/integration/nubank/credit-card/NubankCreditCardStatementParser.js","statementMap":{"0":{"start":{"line":9,"column":21},"end":{"line":9,"column":49}},"1":{"start":{"line":10,"column":25},"end":{"line":10,"column":58}},"2":{"start":{"line":11,"column":23},"end":{"line":11,"column":54}},"3":{"start":{"line":12,"column":20},"end":{"line":12,"column":22}},"4":{"start":{"line":13,"column":8},"end":{"line":38,"column":9}},"5":{"start":{"line":14,"column":28},"end":{"line":14,"column":67}},"6":{"start":{"line":15,"column":30},"end":{"line":15,"column":67}},"7":{"start":{"line":16,"column":25},"end":{"line":16,"column":60}},"8":{"start":{"line":17,"column":25},"end":{"line":17,"column":60}},"9":{"start":{"line":18,"column":26},"end":{"line":18,"column":62}},"10":{"start":{"line":19,"column":12},"end":{"line":22,"column":13}},"11":{"start":{"line":21,"column":16},"end":{"line":21,"column":25}},"12":{"start":{"line":23,"column":25},"end":{"line":23,"column":55}},"13":{"start":{"line":24,"column":27},"end":{"line":24,"column":58}},"14":{"start":{"line":26,"column":33},"end":{"line":26,"column":60}},"15":{"start":{"line":28,"column":12},"end":{"line":30,"column":13}},"16":{"start":{"line":29,"column":16},"end":{"line":29,"column":25}},"17":{"start":{"line":31,"column":12},"end":{"line":37,"column":15}},"18":{"start":{"line":39,"column":8},"end":{"line":39,"column":19}},"19":{"start":{"line":42,"column":18},"end":{"line":42,"column":54}},"20":{"start":{"line":43,"column":8},"end":{"line":43,"column":25}},"21":{"start":{"line":51,"column":19},"end":{"line":51,"column":59}},"22":{"start":{"line":52,"column":18},"end":{"line":52,"column":34}},"23":{"start":{"line":53,"column":8},"end":{"line":53,"column":22}},"24":{"start":{"line":60,"column":22},"end":{"line":60,"column":46}},"25":{"start":{"line":61,"column":8},"end":{"line":62,"column":22}},"26":{"start":{"line":62,"column":12},"end":{"line":62,"column":22}},"27":{"start":{"line":63,"column":23},"end":{"line":63,"column":25}},"28":{"start":{"line":64,"column":8},"end":{"line":67,"column":9}},"29":{"start":{"line":65,"column":27},"end":{"line":65,"column":54}},"30":{"start":{"line":66,"column":12},"end":{"line":66,"column":68}},"31":{"start":{"line":68,"column":8},"end":{"line":68,"column":22}},"32":{"start":{"line":80,"column":23},"end":{"line":80,"column":53}},"33":{"start":{"line":81,"column":25},"end":{"line":81,"column":43}},"34":{"start":{"line":82,"column":8},"end":{"line":84,"column":9}},"35":{"start":{"line":83,"column":12},"end":{"line":83,"column":71}},"36":{"start":{"line":85,"column":21},"end":{"line":85,"column":41}},"37":{"start":{"line":86,"column":19},"end":{"line":86,"column":39}},"38":{"start":{"line":87,"column":19},"end":{"line":87,"column":39}},"39":{"start":{"line":88,"column":8},"end":{"line":88,"column":37}},"40":{"start":{"line":95,"column":8},"end":{"line":95,"column":29}}},"fnMap":{"0":{"name":"(anonymous_0)","decl":{"start":{"line":8,"column":4},"end":{"line":8,"column":5}},"loc":{"start":{"line":8,"column":20},"end":{"line":40,"column":5}},"line":8},"1":{"name":"(anonymous_1)","decl":{"start":{"line":41,"column":4},"end":{"line":41,"column":5}},"loc":{"start":{"line":41,"column":24},"end":{"line":44,"column":5}},"line":41},"2":{"name":"(anonymous_2)","decl":{"start":{"line":50,"column":4},"end":{"line":50,"column":5}},"loc":{"start":{"line":50,"column":33},"end":{"line":54,"column":5}},"line":50},"3":{"name":"(anonymous_3)","decl":{"start":{"line":59,"column":4},"end":{"line":59,"column":5}},"loc":{"start":{"line":59,"column":31},"end":{"line":69,"column":5}},"line":59},"4":{"name":"(anonymous_4)","decl":{"start":{"line":79,"column":4},"end":{"line":79,"column":5}},"loc":{"start":{"line":79,"column":31},"end":{"line":89,"column":5}},"line":79},"5":{"name":"(anonymous_5)","decl":{"start":{"line":94,"column":4},"end":{"line":94,"column":5}},"loc":{"start":{"line":94,"column":28},"end":{"line":96,"column":5}},"line":94}},"branchMap":{"0":{"loc":{"start":{"line":10,"column":25},"end":{"line":10,"column":58}},"type":"binary-expr","locations":[{"start":{"line":10,"column":25},"end":{"line":10,"column":49}},{"start":{"line":10,"column":53},"end":{"line":10,"column":58}}],"line":10},"1":{"loc":{"start":{"line":19,"column":12},"end":{"line":22,"column":13}},"type":"if","locations":[{"start":{"line":19,"column":12},"end":{"line":22,"column":13}},{"start":{},"end":{}}],"line":19},"2":{"loc":{"start":{"line":19,"column":16},"end":{"line":19,"column":38}},"type":"binary-expr","locations":[{"start":{"line":19,"column":16},"end":{"line":19,"column":24}},{"start":{"line":19,"column":28},"end":{"line":19,"column":38}}],"line":19},"3":{"loc":{"start":{"line":26,"column":34},"end":{"line":26,"column":52}},"type":"binary-expr","locations":[{"start":{"line":26,"column":34},"end":{"line":26,"column":38}},{"start":{"line":26,"column":42},"end":{"line":26,"column":46}},{"start":{"line":26,"column":50},"end":{"line":26,"column":52}}],"line":26},"4":{"loc":{"start":{"line":28,"column":12},"end":{"line":30,"column":13}},"type":"if","locations":[{"start":{"line":28,"column":12},"end":{"line":30,"column":13}},{"start":{},"end":{}}],"line":28},"5":{"loc":{"start":{"line":36,"column":27},"end":{"line":36,"column":53}},"type":"binary-expr","locations":[{"start":{"line":36,"column":27},"end":{"line":36,"column":40}},{"start":{"line":36,"column":44},"end":{"line":36,"column":53}}],"line":36},"6":{"loc":{"start":{"line":61,"column":8},"end":{"line":62,"column":22}},"type":"if","locations":[{"start":{"line":61,"column":8},"end":{"line":62,"column":22}},{"start":{},"end":{}}],"line":61},"7":{"loc":{"start":{"line":66,"column":24},"end":{"line":66,"column":66}},"type":"cond-expr","locations":[{"start":{"line":66,"column":38},"end":{"line":66,"column":59}},{"start":{"line":66,"column":62},"end":{"line":66,"column":66}}],"line":66},"8":{"loc":{"start":{"line":82,"column":8},"end":{"line":84,"column":9}},"type":"if","locations":[{"start":{"line":82,"column":8},"end":{"line":84,"column":9}},{"start":{},"end":{}}],"line":82}},"s":{"0":1,"1":1,"2":1,"3":1,"4":1,"5":8,"6":8,"7":8,"8":8,"9":8,"10":8,"11":0,"12":8,"13":8,"14":8,"15":8,"16":0,"17":8,"18":1,"19":1,"20":1,"21":41,"22":41,"23":41,"24":1,"25":1,"26":0,"27":1,"28":1,"29":8,"30":8,"31":1,"32":8,"33":8,"34":8,"35":0,"36":8,"37":8,"38":8,"39":8,"40":8},"f":{"0":1,"1":1,"2":41,"3":1,"4":8,"5":8},"b":{"0":[1,0],"1":[0,8],"2":[8,8],"3":[8,0,0],"4":[0,8],"5":[8,0],"6":[0,1],"7":[8,0],"8":[0,8]},"inputSourceMap":null,"_coverageSchema":"1a1c01bbd47fc00a2c39e90264f33305004495a9","hash":"162cdd6fc669eee72aaccf525102915666338203"}
}
