TN:
SF:dist/application/transaction/services/TransactionFingerprintCanonicalizer.js
FN:2,(anonymous_0)
FN:3,(anonymous_1)
FNF:2
FNH:2
FNDA:8,(anonymous_0)
FNDA:32,(anonymous_1)
DA:3,32
DA:4,8
DA:10,8
LF:3
LH:3
BRDA:3,0,0,32
BRDA:3,0,1,0
BRDA:8,1,0,8
BRDA:8,1,1,2
BRF:4
BRH:3
end_of_record
TN:
SF:dist/application/transaction/use-cases/ImportTransactionsUseCase.js
FN:6,(anonymous_0)
FN:12,(anonymous_1)
FN:14,(anonymous_2)
FN:28,(anonymous_3)
FNF:4
FNH:4
FNDA:8,(anonymous_0)
FNDA:8,(anonymous_1)
FNDA:3,(anonymous_2)
FNDA:8,(anonymous_3)
DA:7,8
DA:8,8
DA:9,8
DA:13,8
DA:14,2
DA:15,3
DA:16,3
DA:17,3
DA:19,2
DA:29,8
DA:30,1
DA:31,7
DA:32,1
DA:33,6
DA:34,1
DA:35,5
DA:36,1
DA:37,4
DA:38,1
DA:39,3
DA:40,1
LF:21
LH:21
BRDA:10,0,0,8
BRDA:10,0,1,1
BRDA:29,1,0,1
BRDA:29,1,1,7
BRDA:31,2,0,1
BRDA:31,2,1,6
BRDA:33,3,0,1
BRDA:33,3,1,5
BRDA:35,4,0,1
BRDA:35,4,1,4
BRDA:37,5,0,1
BRDA:37,5,1,3
BRDA:39,6,0,1
BRDA:39,6,1,2
BRF:14
BRH:14
end_of_record
TN:
SF:dist/application/user/use-cases/RegisterUserUseCase.js
FN:4,(anonymous_0)
FN:8,(anonymous_1)
FNF:2
FNH:2
FNDA:4,(anonymous_0)
FNDA:4,(anonymous_1)
DA:5,4
DA:6,4
DA:9,4
DA:10,3
DA:15,2
LF:5
LH:5
BRF:0
BRH:0
end_of_record
TN:
SF:dist/domain/common/value-objects/EntityId.js
FN:4,(anonymous_0)
FN:7,(anonymous_1)
FN:14,(anonymous_2)
FNF:3
FNH:3
FNDA:11,(anonymous_0)
FNDA:18,(anonymous_1)
FNDA:11,(anonymous_2)
DA:1,4
DA:5,11
DA:8,18
DA:9,18
DA:10,7
DA:12,11
DA:15,11
LF:7
LH:7
BRDA:9,0,0,7
BRDA:9,0,1,11
BRF:2
BRH:2
end_of_record
TN:
SF:dist/domain/common/value-objects/IsoDate.js
FN:4,(anonymous_0)
FN:7,(anonymous_1)
FN:26,(anonymous_2)
FN:29,(anonymous_3)
FN:32,(anonymous_4)
FNF:5
FNH:5
FNDA:22,(anonymous_0)
FNDA:28,(anonymous_1)
FNDA:4,(anonymous_2)
FNDA:3,(anonymous_3)
FNDA:3,(anonymous_4)
DA:1,4
DA:5,22
DA:8,28
DA:9,28
DA:10,3
DA:13,25
DA:14,25
DA:15,0
DA:18,25
DA:19,25
DA:22,3
DA:24,22
DA:27,4
DA:30,3
DA:33,3
LF:15
LH:14
BRDA:9,0,0,3
BRDA:9,0,1,25
BRDA:14,1,0,0
BRDA:14,1,1,25
BRDA:19,2,0,3
BRDA:19,2,1,22
BRDA:19,3,0,25
BRDA:19,3,1,25
BRDA:19,3,2,22
BRF:9
BRH:8
end_of_record
TN:
SF:dist/domain/common/value-objects/Money.js
FN:4,(anonymous_0)
FN:8,(anonymous_1)
FN:14,(anonymous_2)
FN:18,(anonymous_3)
FN:22,(anonymous_4)
FN:26,(anonymous_5)
FNF:6
FNH:6
FNDA:23,(anonymous_0)
FNDA:26,(anonymous_1)
FNDA:3,(anonymous_2)
FNDA:2,(anonymous_3)
FNDA:4,(anonymous_4)
FNDA:5,(anonymous_5)
DA:5,23
DA:6,23
DA:9,26
DA:10,3
DA:12,23
DA:15,3
DA:16,2
DA:19,2
DA:20,1
DA:23,4
DA:27,5
DA:28,2
LF:12
LH:12
BRDA:9,0,0,3
BRDA:9,0,1,23
BRDA:23,1,0,4
BRDA:23,1,1,3
BRDA:27,2,0,2
BRDA:27,2,1,3
BRF:6
BRH:6
end_of_record
TN:
SF:dist/domain/merchant/entities/Merchant.js
FN:11,(anonymous_0)
FN:18,(anonymous_1)
FN:22,(anonymous_2)
FN:25,(anonymous_3)
FN:29,(anonymous_4)
FN:30,(anonymous_5)
FN:33,(anonymous_6)
FN:36,(anonymous_7)
FNF:8
FNH:8
FNDA:12,(anonymous_0)
FNDA:7,(anonymous_1)
FNDA:1,(anonymous_2)
FNDA:2,(anonymous_3)
FNDA:2,(anonymous_4)
FNDA:3,(anonymous_5)
FNDA:9,(anonymous_6)
FNDA:4,(anonymous_7)
DA:12,12
DA:13,12
DA:14,12
DA:15,12
DA:16,12
DA:19,7
DA:20,7
DA:23,1
DA:26,2
DA:27,2
DA:30,3
DA:31,2
DA:34,9
DA:35,9
DA:36,11
DA:37,9
DA:40,9
LF:17
LH:17
BRDA:19,0,0,7
BRDA:19,0,1,2
BRDA:36,1,0,9
BRDA:36,1,1,2
BRF:4
BRH:4
end_of_record
TN:
SF:dist/domain/merchant/value-objects/MerchantAlias.js
FN:1,normalizeAlias
FN:6,(anonymous_1)
FN:9,(anonymous_2)
FN:19,(anonymous_3)
FNF:4
FNH:4
FNDA:21,normalizeAlias
FNDA:18,(anonymous_1)
FNDA:21,(anonymous_2)
FNDA:10,(anonymous_3)
DA:2,21
DA:7,18
DA:10,21
DA:11,21
DA:12,2
DA:14,19
DA:15,1
DA:17,18
DA:20,10
LF:9
LH:9
BRDA:11,0,0,2
BRDA:11,0,1,19
BRDA:14,1,0,1
BRDA:14,1,1,18
BRF:4
BRH:4
end_of_record
TN:
SF:dist/domain/merchant/value-objects/MerchantName.js
FN:1,normalizeName
FN:6,(anonymous_1)
FN:9,(anonymous_2)
FNF:3
FNH:3
FNDA:13,normalizeName
FNDA:10,(anonymous_1)
FNDA:13,(anonymous_2)
DA:2,13
DA:7,10
DA:10,13
DA:11,13
DA:12,2
DA:14,11
DA:15,1
DA:17,10
LF:8
LH:8
BRDA:11,0,0,2
BRDA:11,0,1,11
BRDA:14,1,0,1
BRDA:14,1,1,10
BRF:4
BRH:4
end_of_record
TN:
SF:dist/domain/transaction/entities/Transaction.js
FN:11,(anonymous_0)
FN:19,(anonymous_1)
FNF:2
FNH:2
FNDA:3,(anonymous_0)
FNDA:3,(anonymous_1)
DA:12,3
DA:13,3
DA:14,3
DA:15,3
DA:16,3
DA:17,3
DA:21,3
LF:7
LH:7
BRF:0
BRH:0
end_of_record
TN:
SF:dist/domain/transaction/value-objects/TransactionFingerprint.js
FN:3,(anonymous_0)
FN:6,(anonymous_1)
FN:13,(anonymous_2)
FN:16,(anonymous_3)
FNF:4
FNH:4
FNDA:6,(anonymous_0)
FNDA:11,(anonymous_1)
FNDA:2,(anonymous_2)
FNDA:2,(anonymous_3)
DA:4,6
DA:7,11
DA:8,11
DA:9,5
DA:11,6
DA:14,2
DA:17,2
LF:7
LH:7
BRDA:7,0,0,11
BRDA:7,0,1,0
BRDA:8,1,0,5
BRDA:8,1,1,6
BRF:4
BRH:3
end_of_record
TN:
SF:dist/domain/user/entities/User.js
FN:10,(anonymous_0)
FN:16,(anonymous_1)
FN:19,(anonymous_2)
FN:22,(anonymous_3)
FNF:4
FNH:4
FNDA:5,(anonymous_0)
FNDA:3,(anonymous_1)
FNDA:1,(anonymous_2)
FNDA:1,(anonymous_3)
DA:11,5
DA:12,5
DA:13,5
DA:14,5
DA:17,3
DA:20,1
DA:23,1
LF:7
LH:7
BRF:0
BRH:0
end_of_record
TN:
SF:dist/domain/user/value-objects/UserEmail.js
FN:3,(anonymous_0)
FN:6,(anonymous_1)
FNF:2
FNH:2
FNDA:5,(anonymous_0)
FNDA:9,(anonymous_1)
DA:4,5
DA:7,9
DA:8,9
DA:9,9
DA:10,4
DA:12,5
LF:6
LH:6
BRDA:9,0,0,4
BRDA:9,0,1,5
BRF:2
BRH:2
end_of_record
TN:
SF:dist/domain/user/value-objects/UserFullName.js
FN:3,(anonymous_0)
FN:6,(anonymous_1)
FNF:2
FNH:2
FNDA:4,(anonymous_0)
FNDA:7,(anonymous_1)
DA:4,4
DA:7,7
DA:8,7
DA:9,2
DA:11,5
DA:12,1
DA:14,4
LF:7
LH:7
BRDA:8,0,0,2
BRDA:8,0,1,5
BRDA:11,1,0,1
BRDA:11,1,1,4
BRF:4
BRH:4
end_of_record
TN:
SF:dist/integration/nubank/credit-card/NubankCreditCardStatementParser.js
FN:8,(anonymous_0)
FN:41,(anonymous_1)
FN:50,(anonymous_2)
FN:59,(anonymous_3)
FN:79,(anonymous_4)
FN:94,(anonymous_5)
FNF:6
FNH:6
FNDA:1,(anonymous_0)
FNDA:1,(anonymous_1)
FNDA:41,(anonymous_2)
FNDA:1,(anonymous_3)
FNDA:8,(anonymous_4)
FNDA:8,(anonymous_5)
DA:9,1
DA:10,1
DA:11,1
DA:12,1
DA:13,1
DA:14,8
DA:15,8
DA:16,8
DA:17,8
DA:18,8
DA:19,8
DA:21,0
DA:23,8
DA:24,8
DA:26,8
DA:28,8
DA:29,0
DA:31,8
DA:39,1
DA:42,1
DA:43,1
DA:51,41
DA:52,41
DA:53,41
DA:60,1
DA:61,1
DA:62,0
DA:63,1
DA:64,1
DA:65,8
DA:66,8
DA:68,1
DA:80,8
DA:81,8
DA:82,8
DA:83,0
DA:85,8
DA:86,8
DA:87,8
DA:88,8
DA:95,8
LF:41
LH:37
BRDA:10,0,0,1
BRDA:10,0,1,0
BRDA:19,1,0,0
BRDA:19,1,1,8
BRDA:19,2,0,8
BRDA:19,2,1,8
BRDA:26,3,0,8
BRDA:26,3,1,0
BRDA:26,3,2,0
BRDA:28,4,0,0
BRDA:28,4,1,8
BRDA:36,5,0,8
BRDA:36,5,1,0
BRDA:61,6,0,0
BRDA:61,6,1,1
BRDA:66,7,0,8
BRDA:66,7,1,0
BRDA:82,8,0,0
BRDA:82,8,1,8
BRF:19
BRH:10
end_of_record
